[0.039s] DEBUG:colcon:Command line arguments: ['/usr/bin/colcon', 'build', '--packages-select', 'safety_node2']
[0.039s] DEBUG:colcon:Parsed command line arguments: Namespace(log_base=None, log_level=None, verb_name='build', build_base='build', install_base='install', merge_install=False, symlink_install=False, test_result_base=None, continue_on_error=False, executor='parallel', parallel_workers=10, event_handlers=None, ignore_user_meta=False, metas=['./colcon.meta'], base_paths=['.'], packages_ignore=None, packages_ignore_regex=None, paths=None, packages_up_to=None, packages_up_to_regex=None, packages_above=None, packages_above_and_dependencies=None, packages_above_depth=None, packages_select_by_dep=None, packages_skip_by_dep=None, packages_skip_up_to=None, packages_select_build_failed=False, packages_skip_build_finished=False, packages_select_test_failures=False, packages_skip_test_passed=False, packages_select=['safety_node2'], packages_skip=None, packages_select_regex=None, packages_skip_regex=None, packages_start=None, packages_end=None, cmake_args=None, cmake_target=None, cmake_target_skip_unavailable=False, cmake_clean_cache=False, cmake_clean_first=False, cmake_force_configure=False, ament_cmake_args=None, catkin_cmake_args=None, catkin_skip_building_tests=False, mixin_files=None, mixin=None, verb_parser=<colcon_mixin.mixin.mixin_argument.MixinArgumentDecorator object at 0xffff97a45ac0>, verb_extension=<colcon_core.verb.build.BuildVerb object at 0xffff979f5880>, main=<bound method BuildVerb.main of <colcon_core.verb.build.BuildVerb object at 0xffff979f5880>>, mixin_verb=('build',))
[0.053s] Level 1:colcon.colcon_core.package_discovery:discover_packages(colcon_meta) check parameters
[0.053s] Level 1:colcon.colcon_core.package_discovery:discover_packages(recursive) check parameters
[0.053s] Level 1:colcon.colcon_core.package_discovery:discover_packages(ignore) check parameters
[0.053s] Level 1:colcon.colcon_core.package_discovery:discover_packages(path) check parameters
[0.053s] Level 1:colcon.colcon_core.package_discovery:discover_packages(colcon_meta) discover
[0.053s] Level 1:colcon.colcon_core.package_discovery:discover_packages(recursive) discover
[0.053s] INFO:colcon.colcon_core.package_discovery:Crawling recursively for packages in '/arc2026/ws/src'
[0.053s] Level 1:colcon.colcon_core.package_identification:_identify(.) by extensions ['ignore', 'ignore_ament_install']
[0.053s] Level 1:colcon.colcon_core.package_identification:_identify(.) by extension 'ignore'
[0.053s] Level 1:colcon.colcon_core.package_identification:_identify(.) by extension 'ignore_ament_install'
[0.053s] Level 1:colcon.colcon_core.package_identification:_identify(.) by extensions ['colcon_pkg']
[0.053s] Level 1:colcon.colcon_core.package_identification:_identify(.) by extension 'colcon_pkg'
[0.053s] Level 1:colcon.colcon_core.package_identification:_identify(.) by extensions ['colcon_meta']
[0.053s] Level 1:colcon.colcon_core.package_identification:_identify(.) by extension 'colcon_meta'
[0.053s] Level 1:colcon.colcon_core.package_identification:_identify(.) by extensions ['ros']
[0.053s] Level 1:colcon.colcon_core.package_identification:_identify(.) by extension 'ros'
[0.063s] Level 1:colcon.colcon_core.package_identification:_identify(.) by extensions ['cmake', 'python']
[0.063s] Level 1:colcon.colcon_core.package_identification:_identify(.) by extension 'cmake'
[0.063s] Level 1:colcon.colcon_core.package_identification:_identify(.) by extension 'python'
[0.063s] Level 1:colcon.colcon_core.package_identification:_identify(.) by extensions ['python_setup_py']
[0.063s] Level 1:colcon.colcon_core.package_identification:_identify(.) by extension 'python_setup_py'
[0.063s] Level 1:colcon.colcon_core.package_identification:_identify(build) by extensions ['ignore', 'ignore_ament_install']
[0.063s] Level 1:colcon.colcon_core.package_identification:_identify(build) by extension 'ignore'
[0.063s] Level 1:colcon.colcon_core.package_identification:_identify(build) ignored
[0.063s] Level 1:colcon.colcon_core.package_identification:_identify(f1tenth_gym_ros) by extensions ['ignore', 'ignore_ament_install']
[0.063s] Level 1:colcon.colcon_core.package_identification:_identify(f1tenth_gym_ros) by extension 'ignore'
[0.063s] Level 1:colcon.colcon_core.package_identification:_identify(f1tenth_gym_ros) by extension 'ignore_ament_install'
[0.063s] Level 1:colcon.colcon_core.package_identification:_identify(f1tenth_gym_ros) by extensions ['colcon_pkg']
[0.063s] Level 1:colcon.colcon_core.package_identification:_identify(f1tenth_gym_ros) by extension 'colcon_pkg'
[0.063s] Level 1:colcon.colcon_core.package_identification:_identify(f1tenth_gym_ros) by extensions ['colcon_meta']
[0.063s] Level 1:colcon.colcon_core.package_identification:_identify(f1tenth_gym_ros) by extension 'colcon_meta'
[0.063s] Level 1:colcon.colcon_core.package_identification:_identify(f1tenth_gym_ros) by extensions ['ros']
[0.063s] Level 1:colcon.colcon_core.package_identification:_identify(f1tenth_gym_ros) by extension 'ros'
[0.064s] DEBUG:colcon.colcon_core.package_identification:Package 'f1tenth_gym_ros' with type 'ros.ament_python' and name 'f1tenth_gym_ros'
[0.064s] Level 1:colcon.colcon_core.package_identification:_identify(install) by extensions ['ignore', 'ignore_ament_install']
[0.064s] Level 1:colcon.colcon_core.package_identification:_identify(install) by extension 'ignore'
[0.064s] Level 1:colcon.colcon_core.package_identification:_identify(install) ignored
[0.064s] Level 1:colcon.colcon_core.package_identification:_identify(log) by extensions ['ignore', 'ignore_ament_install']
[0.064s] Level 1:colcon.colcon_core.package_identification:_identify(log) by extension 'ignore'
[0.064s] Level 1:colcon.colcon_core.package_identification:_identify(log) ignored
[0.064s] Level 1:colcon.colcon_core.package_identification:_identify(safety_node2) by extensions ['ignore', 'ignore_ament_install']
[0.064s] Level 1:colcon.colcon_core.package_identification:_identify(safety_node2) by extension 'ignore'
[0.064s] Level 1:colcon.colcon_core.package_identification:_identify(safety_node2) by extension 'ignore_ament_install'
[0.064s] Level 1:colcon.colcon_core.package_identification:_identify(safety_node2) by extensions ['colcon_pkg']
[0.064s] Level 1:colcon.colcon_core.package_identification:_identify(safety_node2) by extension 'colcon_pkg'
[0.064s] Level 1:colcon.colcon_core.package_identification:_identify(safety_node2) by extensions ['colcon_meta']
[0.064s] Level 1:colcon.colcon_core.package_identification:_identify(safety_node2) by extension 'colcon_meta'
[0.064s] Level 1:colcon.colcon_core.package_identification:_identify(safety_node2) by extensions ['ros']
[0.064s] Level 1:colcon.colcon_core.package_identification:_identify(safety_node2) by extension 'ros'
[0.064s] DEBUG:colcon.colcon_core.package_identification:Package 'safety_node2' with type 'ros.ament_python' and name 'safety_node2'
[0.065s] Level 1:colcon.colcon_core.package_identification:_identify(safety_node2_submit) by extensions ['ignore', 'ignore_ament_install']
[0.065s] Level 1:colcon.colcon_core.package_identification:_identify(safety_node2_submit) by extension 'ignore'
[0.065s] Level 1:colcon.colcon_core.package_identification:_identify(safety_node2_submit) by extension 'ignore_ament_install'
[0.065s] Level 1:colcon.colcon_core.package_identification:_identify(safety_node2_submit) by extensions ['colcon_pkg']
[0.065s] Level 1:colcon.colcon_core.package_identification:_identify(safety_node2_submit) by extension 'colcon_pkg'
[0.065s] Level 1:colcon.colcon_core.package_identification:_identify(safety_node2_submit) by extensions ['colcon_meta']
[0.065s] Level 1:colcon.colcon_core.package_identification:_identify(safety_node2_submit) by extension 'colcon_meta'
[0.065s] Level 1:colcon.colcon_core.package_identification:_identify(safety_node2_submit) by extensions ['ros']
[0.065s] Level 1:colcon.colcon_core.package_identification:_identify(safety_node2_submit) by extension 'ros'
[0.065s] DEBUG:colcon.colcon_core.package_identification:Package 'safety_node2_submit' with type 'ros.ament_python' and name 'safety_node2'
[0.065s] Level 1:colcon.colcon_core.package_identification:_identify(your_code) by extensions ['ignore', 'ignore_ament_install']
[0.065s] Level 1:colcon.colcon_core.package_identification:_identify(your_code) by extension 'ignore'
[0.065s] Level 1:colcon.colcon_core.package_identification:_identify(your_code) by extension 'ignore_ament_install'
[0.065s] Level 1:colcon.colcon_core.package_identification:_identify(your_code) by extensions ['colcon_pkg']
[0.065s] Level 1:colcon.colcon_core.package_identification:_identify(your_code) by extension 'colcon_pkg'
[0.065s] Level 1:colcon.colcon_core.package_identification:_identify(your_code) by extensions ['colcon_meta']
[0.065s] Level 1:colcon.colcon_core.package_identification:_identify(your_code) by extension 'colcon_meta'
[0.065s] Level 1:colcon.colcon_core.package_identification:_identify(your_code) by extensions ['ros']
[0.065s] Level 1:colcon.colcon_core.package_identification:_identify(your_code) by extension 'ros'
[0.066s] Level 1:colcon.colcon_core.package_identification:_identify(your_code) by extensions ['cmake', 'python']
[0.066s] Level 1:colcon.colcon_core.package_identification:_identify(your_code) by extension 'cmake'
[0.066s] Level 1:colcon.colcon_core.package_identification:_identify(your_code) by extension 'python'
[0.066s] Level 1:colcon.colcon_core.package_identification:_identify(your_code) by extensions ['python_setup_py']
[0.066s] Level 1:colcon.colcon_core.package_identification:_identify(your_code) by extension 'python_setup_py'
[0.066s] Level 1:colcon.colcon_core.package_discovery:discover_packages(recursive) using defaults
[0.066s] Level 1:colcon.colcon_core.package_discovery:discover_packages(ignore) discover
[0.066s] Level 1:colcon.colcon_core.package_discovery:discover_packages(ignore) using defaults
[0.066s] Level 1:colcon.colcon_core.package_discovery:discover_packages(path) discover
[0.066s] Level 1:colcon.colcon_core.package_discovery:discover_packages(path) using defaults
[0.072s] INFO:colcon.colcon_core.package_selection:Skipping not selected package 'f1tenth_gym_ros' in 'f1tenth_gym_ros'
[0.072s] ERROR:colcon:colcon build: Duplicate package names not supported:
- safety_node2:
  - safety_node2
  - safety_node2_submit
