running egg_info
creating ../../build/safety_node2/safety_node2.egg-info
writing ../../build/safety_node2/safety_node2.egg-info/PKG-INFO
writing dependency_links to ../../build/safety_node2/safety_node2.egg-info/dependency_links.txt
writing entry points to ../../build/safety_node2/safety_node2.egg-info/entry_points.txt
writing requirements to ../../build/safety_node2/safety_node2.egg-info/requires.txt
writing top-level names to ../../build/safety_node2/safety_node2.egg-info/top_level.txt
writing manifest file '../../build/safety_node2/safety_node2.egg-info/SOURCES.txt'
reading manifest file '../../build/safety_node2/safety_node2.egg-info/SOURCES.txt'
writing manifest file '../../build/safety_node2/safety_node2.egg-info/SOURCES.txt'
running build
running build_py
creating /arc2026/ws/build/safety_node2/build
creating /arc2026/ws/build/safety_node2/build/lib
creating /arc2026/ws/build/safety_node2/build/lib/safety_node2
copying safety_node2/safety_node.py -> /arc2026/ws/build/safety_node2/build/lib/safety_node2
copying safety_node2/__init__.py -> /arc2026/ws/build/safety_node2/build/lib/safety_node2
running install
running install_lib
creating /arc2026/ws/install/safety_node2/lib/python3.12/site-packages/safety_node2
copying /arc2026/ws/build/safety_node2/build/lib/safety_node2/safety_node.py -> /arc2026/ws/install/safety_node2/lib/python3.12/site-packages/safety_node2
copying /arc2026/ws/build/safety_node2/build/lib/safety_node2/__init__.py -> /arc2026/ws/install/safety_node2/lib/python3.12/site-packages/safety_node2
byte-compiling /arc2026/ws/install/safety_node2/lib/python3.12/site-packages/safety_node2/safety_node.py to safety_node.cpython-312.pyc
byte-compiling /arc2026/ws/install/safety_node2/lib/python3.12/site-packages/safety_node2/__init__.py to __init__.cpython-312.pyc
running install_data
creating /arc2026/ws/install/safety_node2/share
creating /arc2026/ws/install/safety_node2/share/ament_index
creating /arc2026/ws/install/safety_node2/share/ament_index/resource_index
creating /arc2026/ws/install/safety_node2/share/ament_index/resource_index/packages
copying resource/safety_node2 -> /arc2026/ws/install/safety_node2/share/ament_index/resource_index/packages
creating /arc2026/ws/install/safety_node2/share/safety_node2
copying package.xml -> /arc2026/ws/install/safety_node2/share/safety_node2
creating /arc2026/ws/install/safety_node2/share/safety_node2/launch
copying launch/safety_node_launch.py -> /arc2026/ws/install/safety_node2/share/safety_node2/launch
running install_egg_info
Copying ../../build/safety_node2/safety_node2.egg-info to /arc2026/ws/install/safety_node2/lib/python3.12/site-packages/safety_node2-0.0.0-py3.12.egg-info
running install_scripts
Installing safety_node script to /arc2026/ws/install/safety_node2/lib/safety_node2
writing list of installed files to '/arc2026/ws/build/safety_node2/install.log'
