[0.287s] Invoking command in '/arc2026/ws/src/safety_node2': PYTHONPATH=/arc2026/ws/src/safety_node2/build/safety_node2/prefix_override:/usr/lib/python3/dist-packages/colcon_core/task/python/colcon_distutils_commands:/arc2026/ws/src/safety_node2/install/safety_node2/lib/python3.12/site-packages:${PYTHONPATH} /usr/bin/python3 -W ignore:setup.py install is deprecated -W ignore:easy_install command is deprecated setup.py egg_info --egg-base build/safety_node2 build --build-base /arc2026/ws/src/safety_node2/build/safety_node2/build install --record /arc2026/ws/src/safety_node2/build/safety_node2/install.log --single-version-externally-managed install_data
[0.374s] running egg_info
[0.374s] creating build/safety_node2/safety_node2.egg-info
[0.379s] writing build/safety_node2/safety_node2.egg-info/PKG-INFO
[0.380s] writing dependency_links to build/safety_node2/safety_node2.egg-info/dependency_links.txt
[0.380s] writing entry points to build/safety_node2/safety_node2.egg-info/entry_points.txt
[0.380s] writing requirements to build/safety_node2/safety_node2.egg-info/requires.txt
[0.380s] writing top-level names to build/safety_node2/safety_node2.egg-info/top_level.txt
[0.380s] writing manifest file 'build/safety_node2/safety_node2.egg-info/SOURCES.txt'
[0.390s] reading manifest file 'build/safety_node2/safety_node2.egg-info/SOURCES.txt'
[0.390s] writing manifest file 'build/safety_node2/safety_node2.egg-info/SOURCES.txt'
[0.390s] running build
[0.390s] running build_py
[0.390s] creating /arc2026/ws/src/safety_node2/build/safety_node2/build
[0.390s] creating /arc2026/ws/src/safety_node2/build/safety_node2/build/lib
[0.390s] creating /arc2026/ws/src/safety_node2/build/safety_node2/build/lib/safety_node2
[0.390s] copying safety_node2/safety_node.py -> /arc2026/ws/src/safety_node2/build/safety_node2/build/lib/safety_node2
[0.390s] copying safety_node2/__init__.py -> /arc2026/ws/src/safety_node2/build/safety_node2/build/lib/safety_node2
[0.391s] running install
[0.393s] running install_lib
[0.398s] creating /arc2026/ws/src/safety_node2/install/safety_node2/lib/python3.12/site-packages/safety_node2
[0.398s] copying /arc2026/ws/src/safety_node2/build/safety_node2/build/lib/safety_node2/safety_node.py -> /arc2026/ws/src/safety_node2/install/safety_node2/lib/python3.12/site-packages/safety_node2
[0.398s] copying /arc2026/ws/src/safety_node2/build/safety_node2/build/lib/safety_node2/__init__.py -> /arc2026/ws/src/safety_node2/install/safety_node2/lib/python3.12/site-packages/safety_node2
[0.398s] byte-compiling /arc2026/ws/src/safety_node2/install/safety_node2/lib/python3.12/site-packages/safety_node2/safety_node.py to safety_node.cpython-312.pyc
[0.399s] byte-compiling /arc2026/ws/src/safety_node2/install/safety_node2/lib/python3.12/site-packages/safety_node2/__init__.py to __init__.cpython-312.pyc
[0.399s] running install_data
[0.399s] creating /arc2026/ws/src/safety_node2/install/safety_node2/share/ament_index
[0.399s] creating /arc2026/ws/src/safety_node2/install/safety_node2/share/ament_index/resource_index
[0.399s] creating /arc2026/ws/src/safety_node2/install/safety_node2/share/ament_index/resource_index/packages
[0.399s] copying resource/safety_node2 -> /arc2026/ws/src/safety_node2/install/safety_node2/share/ament_index/resource_index/packages
[0.399s] copying package.xml -> /arc2026/ws/src/safety_node2/install/safety_node2/share/safety_node2
[0.399s] creating /arc2026/ws/src/safety_node2/install/safety_node2/share/safety_node2/launch
[0.399s] copying launch/safety_node_launch.py -> /arc2026/ws/src/safety_node2/install/safety_node2/share/safety_node2/launch
[0.399s] running install_egg_info
[0.405s] Copying build/safety_node2/safety_node2.egg-info to /arc2026/ws/src/safety_node2/install/safety_node2/lib/python3.12/site-packages/safety_node2-0.0.0-py3.12.egg-info
[0.405s] running install_scripts
[0.446s] Installing safety_node script to /arc2026/ws/src/safety_node2/install/safety_node2/lib/safety_node2
[0.446s] writing list of installed files to '/arc2026/ws/src/safety_node2/build/safety_node2/install.log'
[0.459s] Invoked command in '/arc2026/ws/src/safety_node2' returned '0': PYTHONPATH=/arc2026/ws/src/safety_node2/build/safety_node2/prefix_override:/usr/lib/python3/dist-packages/colcon_core/task/python/colcon_distutils_commands:/arc2026/ws/src/safety_node2/install/safety_node2/lib/python3.12/site-packages:${PYTHONPATH} /usr/bin/python3 -W ignore:setup.py install is deprecated -W ignore:easy_install command is deprecated setup.py egg_info --egg-base build/safety_node2 build --build-base /arc2026/ws/src/safety_node2/build/safety_node2/build install --record /arc2026/ws/src/safety_node2/build/safety_node2/install.log --single-version-externally-managed install_data
