running egg_info
writing build/safety_node2/safety_node2.egg-info/PKG-INFO
writing dependency_links to build/safety_node2/safety_node2.egg-info/dependency_links.txt
writing entry points to build/safety_node2/safety_node2.egg-info/entry_points.txt
writing requirements to build/safety_node2/safety_node2.egg-info/requires.txt
writing top-level names to build/safety_node2/safety_node2.egg-info/top_level.txt
reading manifest file 'build/safety_node2/safety_node2.egg-info/SOURCES.txt'
writing manifest file 'build/safety_node2/safety_node2.egg-info/SOURCES.txt'
running build
running build_py
copying safety_node2/safety_node.py -> /arc2026/ws/src/safety_node2/build/safety_node2/build/lib/safety_node2
running install
running install_lib
copying /arc2026/ws/src/safety_node2/build/safety_node2/build/lib/safety_node2/safety_node.py -> /arc2026/ws/src/safety_node2/install/safety_node2/lib/python3.12/site-packages/safety_node2
byte-compiling /arc2026/ws/src/safety_node2/install/safety_node2/lib/python3.12/site-packages/safety_node2/safety_node.py to safety_node.cpython-312.pyc
running install_data
running install_egg_info
removing '/arc2026/ws/src/safety_node2/install/safety_node2/lib/python3.12/site-packages/safety_node2-0.0.0-py3.12.egg-info' (and everything under it)
Copying build/safety_node2/safety_node2.egg-info to /arc2026/ws/src/safety_node2/install/safety_node2/lib/python3.12/site-packages/safety_node2-0.0.0-py3.12.egg-info
running install_scripts
Installing safety_node script to /arc2026/ws/src/safety_node2/install/safety_node2/lib/safety_node2
writing list of installed files to '/arc2026/ws/src/safety_node2/build/safety_node2/install.log'
